# JRE version: OpenJDK Runtime Environment Corretto-21.0.9.10.1 (21.0.9+10) (build 21.0.9+10-LTS)
# Java VM: OpenJDK 64-Bit Server VM Corretto-21.0.9.10.1 (21.0.9+10-LTS, mixed mode, sharing, tiered, compressed oops, compressed class ptrs, g1 gc, windows-amd64)
GC Precious Log:
 CardTable entry size: 512
 Card Set container configuration: InlinePtr #cards 5 size 8 Array Of Cards #cards 12 size 40 Howl #buckets 4 coarsen threshold 1843 Howl Bitmap #cards 512 size 80 coarsen threshold 460 Card regions per heap region 1 cards per card region 2048
 CPUs: 2 total, 2 available
 Memory: 7997M
 Large Page Support: Disabled
 NUMA Support: Disabled
 Compressed Oops: Enabled (32-bit)
 Heap Region Size: 1M
 Heap Min Capacity: 8M
 Heap Initial Capacity: 126M
 Heap Max Capacity: 2000M
 Pre-touch: Disabled
 Parallel Workers: 2
 Concurrent Workers: 1
 Concurrent Refinement Workers: 2
 Periodic GC: Disabled
Heap:
 garbage-first heap   total 48128K, used 31736K [0x0000000083000000, 0x0000000100000000)
  region size 1024K, 6 young (6144K), 3 survivors (3072K)
 Metaspace       used 65156K, committed 65856K, reserved 1114112K
  class space    used 8910K, committed 9216K, reserved 1048576K
GC Heap History (20 events):
Event: 18.677 GC heap before
{Heap before GC invocations=9 (full 0):
 garbage-first heap   total 45056K, used 37367K [0x0000000083000000, 0x0000000100000000)
  region size 1024K, 20 young (20480K), 2 survivors (2048K)
 Metaspace       used 34156K, committed 34688K, reserved 1114112K
  class space    used 4360K, committed 4608K, reserved 1048576K
}
Event: 18.685 GC heap after
{Heap after GC invocations=10 (full 0):
 garbage-first heap   total 45056K, used 21406K [0x0000000083000000, 0x0000000100000000)
  region size 1024K, 3 young (3072K), 3 survivors (3072K)
 Metaspace       used 34156K, committed 34688K, reserved 1114112K
  class space    used 4360K, committed 4608K, reserved 1048576K
}
Event: 19.566 GC heap before
{Heap before GC invocations=10 (full 0):
 garbage-first heap   total 45056K, used 28574K [0x0000000083000000, 0x0000000100000000)
  region size 1024K, 11 young (11264K), 3 survivors (3072K)
 Metaspace       used 35436K, committed 35968K, reserved 1114112K
  class space    used 4534K, committed 4800K, reserved 1048576K
}
Event: 19.574 GC heap after
{Heap after GC invocations=11 (full 0):
 garbage-first heap   total 45056K, used 22320K [0x0000000083000000, 0x0000000100000000)
  region size 1024K, 1 young (1024K), 1 survivors (1024K)
 Metaspace       used 35436K, committed 35968K, reserved 1114112K
  class space    used 4534K, committed 4800K, reserved 1048576K
}
Event: 21.889 GC heap before
{Heap before GC invocations=12 (full 0):
 garbage-first heap   total 45056K, used 38704K [0x0000000083000000, 0x0000000100000000)
  region size 1024K, 18 young (18432K), 1 survivors (1024K)
 Metaspace       used 39953K, committed 40448K, reserved 1114112K
  class space    used 5209K, committed 5440K, reserved 1048576K
}
Event: 21.900 GC heap after
{Heap after GC invocations=13 (full 0):
 garbage-first heap   total 45056K, used 23141K [0x0000000083000000, 0x0000000100000000)
  region size 1024K, 2 young (2048K), 2 survivors (2048K)
 Metaspace       used 39953K, committed 40448K, reserved 1114112K
  class space    used 5209K, committed 5440K, reserved 1048576K
}
Event: 23.152 GC heap before
{Heap before GC invocations=13 (full 0):
 garbage-first heap   total 45056K, used 38501K [0x0000000083000000, 0x0000000100000000)
  region size 1024K, 18 young (18432K), 2 survivors (2048K)
 Metaspace       used 44641K, committed 45248K, reserved 1114112K
  class space    used 5923K, committed 6208K, reserved 1048576K
}
Event: 23.161 GC heap after
{Heap after GC invocations=14 (full 0):
 garbage-first heap   total 45056K, used 23698K [0x0000000083000000, 0x0000000100000000)
  region size 1024K, 3 young (3072K), 3 survivors (3072K)
 Metaspace       used 44641K, committed 45248K, reserved 1114112K
  class space    used 5923K, committed 6208K, reserved 1048576K
}
Event: 24.949 GC heap before
{Heap before GC invocations=14 (full 0):
 garbage-first heap   total 45056K, used 38034K [0x0000000083000000, 0x0000000100000000)
  region size 1024K, 18 young (18432K), 3 survivors (3072K)
 Metaspace       used 48636K, committed 49216K, reserved 1114112K
  class space    used 6443K, committed 6720K, reserved 1048576K
}
Event: 24.957 GC heap after
{Heap after GC invocations=15 (full 0):
 garbage-first heap   total 45056K, used 24772K [0x0000000083000000, 0x0000000100000000)
  region size 1024K, 3 young (3072K), 3 survivors (3072K)
 Metaspace       used 48636K, committed 49216K, reserved 1114112K
  class space    used 6443K, committed 6720K, reserved 1048576K
}
Event: 26.191 GC heap before
{Heap before GC invocations=16 (full 0):
 garbage-first heap   total 45056K, used 39108K [0x0000000083000000, 0x0000000100000000)
  region size 1024K, 18 young (18432K), 3 survivors (3072K)
 Metaspace       used 52041K, committed 52672K, reserved 1114112K
  class space    used 6873K, committed 7168K, reserved 1048576K
}
Event: 26.197 GC heap after
{Heap after GC invocations=17 (full 0):
 garbage-first heap   total 45056K, used 25799K [0x0000000083000000, 0x0000000100000000)
  region size 1024K, 2 young (2048K), 2 survivors (2048K)
 Metaspace       used 52041K, committed 52672K, reserved 1114112K
  class space    used 6873K, committed 7168K, reserved 1048576K
}
Event: 26.991 GC heap before
{Heap before GC invocations=17 (full 0):
 garbage-first heap   total 45056K, used 39111K [0x0000000083000000, 0x0000000100000000)
  region size 1024K, 16 young (16384K), 2 survivors (2048K)
 Metaspace       used 57048K, committed 57664K, reserved 1114112K
  class space    used 7723K, committed 8000K, reserved 1048576K
}
Event: 26.996 GC heap after
{Heap after GC invocations=18 (full 0):
 garbage-first heap   total 45056K, used 26161K [0x0000000083000000, 0x0000000100000000)
  region size 1024K, 2 young (2048K), 2 survivors (2048K)
 Metaspace       used 57048K, committed 57664K, reserved 1114112K
  class space    used 7723K, committed 8000K, reserved 1048576K
}
Event: 27.777 GC heap before
{Heap before GC invocations=18 (full 0):
 garbage-first heap   total 45056K, used 41521K [0x0000000083000000, 0x0000000100000000)
  region size 1024K, 17 young (17408K), 2 survivors (2048K)
 Metaspace       used 60856K, committed 61440K, reserved 1114112K
  class space    used 8301K, committed 8576K, reserved 1048576K
}
Event: 27.782 GC heap after
{Heap after GC invocations=19 (full 0):
 garbage-first heap   total 45056K, used 26782K [0x0000000083000000, 0x0000000100000000)
  region size 1024K, 3 young (3072K), 3 survivors (3072K)
 Metaspace       used 60856K, committed 61440K, reserved 1114112K
  class space    used 8301K, committed 8576K, reserved 1048576K
}
Event: 29.626 GC heap before
{Heap before GC invocations=20 (full 0):
 garbage-first heap   total 46080K, used 41118K [0x0000000083000000, 0x0000000100000000)
  region size 1024K, 17 young (17408K), 3 survivors (3072K)
 Metaspace       used 62795K, committed 63424K, reserved 1114112K
  class space    used 8607K, committed 8896K, reserved 1048576K
}
Event: 29.634 GC heap after
{Heap after GC invocations=21 (full 0):
 garbage-first heap   total 46080K, used 28290K [0x0000000083000000, 0x0000000100000000)
  region size 1024K, 3 young (3072K), 3 survivors (3072K)
 Metaspace       used 62795K, committed 63424K, reserved 1114112K
  class space    used 8607K, committed 8896K, reserved 1048576K
}
Event: 30.740 GC heap before
{Heap before GC invocations=21 (full 0):
 garbage-first heap   total 46080K, used 42626K [0x0000000083000000, 0x0000000100000000)
  region size 1024K, 17 young (17408K), 3 survivors (3072K)
 Metaspace       used 64856K, committed 65536K, reserved 1114112K
  class space    used 8874K, committed 9152K, reserved 1048576K
}
Event: 30.751 GC heap after
{Heap after GC invocations=22 (full 0):
 garbage-first heap   total 48128K, used 29688K [0x0000000083000000, 0x0000000100000000)
  region size 1024K, 3 young (3072K), 3 survivors (3072K)
 Metaspace       used 64856K, committed 65536K, reserved 1114112K
  class space    used 8874K, committed 9152K, reserved 1048576K
}

